<?xml version="1.0" encoding="UTF-8"?>
<testsuite xmlns:xsi="http://www.w3.org/2001/XMLSchema-instance" xsi:noNamespaceSchemaLocation="https://maven.apache.org/surefire/maven-surefire-plugin/xsd/surefire-test-report.xsd" name="com.site.visits.AppTest" time="0.001" tests="1" errors="0" skipped="0" failures="0">
  <properties>
    <property name="sun.desktop" value="windows"/>
    <property name="awt.toolkit" value="sun.awt.windows.WToolkit"/>
    <property name="file.encoding.pkg" value="sun.io"/>
    <property name="java.specification.version" value="1.8"/>
    <property name="sun.cpu.isalist" value="amd64"/>
    <property name="sun.jnu.encoding" value="Cp1252"/>
    <property name="java.class.path" value="C:\Projects\GCP\Beam\site-visits\target\test-classes;C:\Projects\GCP\Beam\site-visits\target\classes;C:\Users\Raghu\.m2\repository\org\apache\beam\beam-sdks-java-core\2.7.0\beam-sdks-java-core-2.7.0.jar;C:\Users\Raghu\.m2\repository\com\fasterxml\jackson\core\jackson-annotations\2.9.5\jackson-annotations-2.9.5.jar;C:\Users\Raghu\.m2\repository\com\fasterxml\jackson\core\jackson-databind\2.9.5\jackson-databind-2.9.5.jar;C:\Users\Raghu\.m2\repository\org\apache\avro\avro\1.8.2\avro-1.8.2.jar;C:\Users\Raghu\.m2\repository\org\codehaus\jackson\jackson-core-asl\1.9.13\jackson-core-asl-1.9.13.jar;C:\Users\Raghu\.m2\repository\org\codehaus\jackson\jackson-mapper-asl\1.9.13\jackson-mapper-asl-1.9.13.jar;C:\Users\Raghu\.m2\repository\com\thoughtworks\paranamer\paranamer\2.7\paranamer-2.7.jar;C:\Users\Raghu\.m2\repository\org\apache\commons\commons-compress\1.8.1\commons-compress-1.8.1.jar;C:\Users\Raghu\.m2\repository\org\xerial\snappy\snappy-java\1.1.4\snappy-java-1.1.4.jar;C:\Users\Raghu\.m2\repository\org\tukaani\xz\1.8\xz-1.8.jar;C:\Users\Raghu\.m2\repository\org\apache\beam\beam-sdks-java-io-google-cloud-platform\2.7.0\beam-sdks-java-io-google-cloud-platform-2.7.0.jar;C:\Users\Raghu\.m2\repository\org\apache\beam\beam-sdks-java-extensions-google-cloud-platform-core\2.7.0\beam-sdks-java-extensions-google-cloud-platform-core-2.7.0.jar;C:\Users\Raghu\.m2\repository\com\google\cloud\bigdataoss\gcsio\1.9.0\gcsio-1.9.0.jar;C:\Users\Raghu\.m2\repository\com\google\apis\google-api-services-cloudresourcemanager\v1-rev477-1.23.0\google-api-services-cloudresourcemanager-v1-rev477-1.23.0.jar;C:\Users\Raghu\.m2\repository\org\apache\beam\beam-sdks-java-extensions-protobuf\2.7.0\beam-sdks-java-extensions-protobuf-2.7.0.jar;C:\Users\Raghu\.m2\repository\io\grpc\grpc-core\1.13.1\grpc-core-1.13.1.jar;C:\Users\Raghu\.m2\repository\io\grpc\grpc-context\1.13.1\grpc-context-1.13.1.jar;C:\Users\Raghu\.m2\repository\com\google\code\gson\gson\2.7\gson-2.7.jar;C:\Users\Raghu\.m2\repository\com\google\errorprone\error_prone_annotations\2.1.2\error_prone_annotations-2.1.2.jar;C:\Users\Raghu\.m2\repository\io\opencensus\opencensus-api\0.12.3\opencensus-api-0.12.3.jar;C:\Users\Raghu\.m2\repository\io\opencensus\opencensus-contrib-grpc-metrics\0.12.3\opencensus-contrib-grpc-metrics-0.12.3.jar;C:\Users\Raghu\.m2\repository\com\google\api\gax-grpc\1.29.0\gax-grpc-1.29.0.jar;C:\Users\Raghu\.m2\repository\com\google\api\gax\1.29.0\gax-1.29.0.jar;C:\Users\Raghu\.m2\repository\io\grpc\grpc-protobuf\1.10.1\grpc-protobuf-1.10.1.jar;C:\Users\Raghu\.m2\repository\io\grpc\grpc-protobuf-lite\1.10.1\grpc-protobuf-lite-1.10.1.jar;C:\Users\Raghu\.m2\repository\org\threeten\threetenbp\1.3.3\threetenbp-1.3.3.jar;C:\Users\Raghu\.m2\repository\com\google\api\api-common\1.6.0\api-common-1.6.0.jar;C:\Users\Raghu\.m2\repository\com\google\cloud\google-cloud-core-grpc\1.36.0\google-cloud-core-grpc-1.36.0.jar;C:\Users\Raghu\.m2\repository\com\google\protobuf\protobuf-java-util\3.6.0\protobuf-java-util-3.6.0.jar;C:\Users\Raghu\.m2\repository\io\grpc\grpc-netty-shaded\1.13.1\grpc-netty-shaded-1.13.1.jar;C:\Users\Raghu\.m2\repository\com\google\api\grpc\grpc-google-cloud-pubsub-v1\1.18.0\grpc-google-cloud-pubsub-v1-1.18.0.jar;C:\Users\Raghu\.m2\repository\com\google\api\grpc\proto-google-cloud-pubsub-v1\1.18.0\proto-google-cloud-pubsub-v1-1.18.0.jar;C:\Users\Raghu\.m2\repository\com\google\api\grpc\proto-google-iam-v1\0.12.0\proto-google-iam-v1-0.12.0.jar;C:\Users\Raghu\.m2\repository\com\google\cloud\bigdataoss\util\1.9.0\util-1.9.0.jar;C:\Users\Raghu\.m2\repository\com\google\api-client\google-api-client-java6\1.23.0\google-api-client-java6-1.23.0.jar;C:\Users\Raghu\.m2\repository\com\google\api-client\google-api-client-jackson2\1.23.0\google-api-client-jackson2-1.23.0.jar;C:\Users\Raghu\.m2\repository\com\google\auto\value\auto-value-annotations\1.6\auto-value-annotations-1.6.jar;C:\Users\Raghu\.m2\repository\com\google\oauth-client\google-oauth-client-java6\1.23.0\google-oauth-client-java6-1.23.0.jar;C:\Users\Raghu\.m2\repository\com\google\cloud\datastore\datastore-v1-proto-client\1.6.0\datastore-v1-proto-client-1.6.0.jar;C:\Users\Raghu\.m2\repository\com\google\http-client\google-http-client-protobuf\1.20.0\google-http-client-protobuf-1.20.0.jar;C:\Users\Raghu\.m2\repository\com\google\http-client\google-http-client-jackson\1.20.0\google-http-client-jackson-1.20.0.jar;C:\Users\Raghu\.m2\repository\com\google\api\grpc\proto-google-cloud-datastore-v1\0.19.0\proto-google-cloud-datastore-v1-0.19.0.jar;C:\Users\Raghu\.m2\repository\io\grpc\grpc-auth\1.13.1\grpc-auth-1.13.1.jar;C:\Users\Raghu\.m2\repository\io\grpc\grpc-netty\1.13.1\grpc-netty-1.13.1.jar;C:\Users\Raghu\.m2\repository\io\netty\netty-codec-http2\4.1.25.Final\netty-codec-http2-4.1.25.Final.jar;C:\Users\Raghu\.m2\repository\io\netty\netty-codec-http\4.1.25.Final\netty-codec-http-4.1.25.Final.jar;C:\Users\Raghu\.m2\repository\io\netty\netty-handler-proxy\4.1.25.Final\netty-handler-proxy-4.1.25.Final.jar;C:\Users\Raghu\.m2\repository\io\netty\netty-codec-socks\4.1.25.Final\netty-codec-socks-4.1.25.Final.jar;C:\Users\Raghu\.m2\repository\io\netty\netty-handler\4.1.25.Final\netty-handler-4.1.25.Final.jar;C:\Users\Raghu\.m2\repository\io\netty\netty-buffer\4.1.25.Final\netty-buffer-4.1.25.Final.jar;C:\Users\Raghu\.m2\repository\io\netty\netty-common\4.1.25.Final\netty-common-4.1.25.Final.jar;C:\Users\Raghu\.m2\repository\io\netty\netty-transport\4.1.25.Final\netty-transport-4.1.25.Final.jar;C:\Users\Raghu\.m2\repository\io\netty\netty-resolver\4.1.25.Final\netty-resolver-4.1.25.Final.jar;C:\Users\Raghu\.m2\repository\io\netty\netty-codec\4.1.25.Final\netty-codec-4.1.25.Final.jar;C:\Users\Raghu\.m2\repository\io\grpc\grpc-stub\1.13.1\grpc-stub-1.13.1.jar;C:\Users\Raghu\.m2\repository\com\google\cloud\google-cloud-core\1.36.0\google-cloud-core-1.36.0.jar;C:\Users\Raghu\.m2\repository\com\google\cloud\google-cloud-spanner\0.54.0-beta\google-cloud-spanner-0.54.0-beta.jar;C:\Users\Raghu\.m2\repository\com\google\api\grpc\proto-google-cloud-spanner-v1\0.19.0\proto-google-cloud-spanner-v1-0.19.0.jar;C:\Users\Raghu\.m2\repository\com\google\api\grpc\proto-google-cloud-spanner-admin-instance-v1\0.19.0\proto-google-cloud-spanner-admin-instance-v1-0.19.0.jar;C:\Users\Raghu\.m2\repository\com\google\api\grpc\grpc-google-cloud-spanner-v1\0.19.0\grpc-google-cloud-spanner-v1-0.19.0.jar;C:\Users\Raghu\.m2\repository\com\google\api\grpc\grpc-google-cloud-spanner-admin-database-v1\0.19.0\grpc-google-cloud-spanner-admin-database-v1-0.19.0.jar;C:\Users\Raghu\.m2\repository\com\google\api\grpc\grpc-google-cloud-spanner-admin-instance-v1\0.19.0\grpc-google-cloud-spanner-admin-instance-v1-0.19.0.jar;C:\Users\Raghu\.m2\repository\com\google\api\grpc\grpc-google-common-protos\1.12.0\grpc-google-common-protos-1.12.0.jar;C:\Users\Raghu\.m2\repository\io\opencensus\opencensus-contrib-grpc-util\0.12.3\opencensus-contrib-grpc-util-0.12.3.jar;C:\Users\Raghu\.m2\repository\com\google\api\grpc\grpc-google-cloud-bigtable-v2\0.19.0\grpc-google-cloud-bigtable-v2-0.19.0.jar;C:\Users\Raghu\.m2\repository\com\google\api\grpc\proto-google-cloud-bigtable-v2\0.19.0\proto-google-cloud-bigtable-v2-0.19.0.jar;C:\Users\Raghu\.m2\repository\com\google\cloud\bigtable\bigtable-client-core\1.4.0\bigtable-client-core-1.4.0.jar;C:\Users\Raghu\.m2\repository\com\google\api\grpc\proto-google-cloud-bigtable-admin-v2\0.15.0\proto-google-cloud-bigtable-admin-v2-0.15.0.jar;C:\Users\Raghu\.m2\repository\com\google\api\grpc\grpc-google-cloud-bigtable-admin-v2\0.15.0\grpc-google-cloud-bigtable-admin-v2-0.15.0.jar;C:\Users\Raghu\.m2\repository\commons-logging\commons-logging\1.2\commons-logging-1.2.jar;C:\Users\Raghu\.m2\repository\com\google\cloud\google-cloud-core-http\1.32.0\google-cloud-core-http-1.32.0.jar;C:\Users\Raghu\.m2\repository\com\google\http-client\google-http-client-appengine\1.23.0\google-http-client-appengine-1.23.0.jar;C:\Users\Raghu\.m2\repository\com\google\api\gax-httpjson\0.44.0\gax-httpjson-0.44.0.jar;C:\Users\Raghu\.m2\repository\io\opencensus\opencensus-contrib-http-util\0.11.1\opencensus-contrib-http-util-0.11.1.jar;C:\Users\Raghu\.m2\repository\io\dropwizard\metrics\metrics-core\3.1.2\metrics-core-3.1.2.jar;C:\Users\Raghu\.m2\repository\com\google\http-client\google-http-client-jackson2\1.23.0\google-http-client-jackson2-1.23.0.jar;C:\Users\Raghu\.m2\repository\com\google\auth\google-auth-library-credentials\0.10.0\google-auth-library-credentials-0.10.0.jar;C:\Users\Raghu\.m2\repository\com\google\auth\google-auth-library-oauth2-http\0.10.0\google-auth-library-oauth2-http-0.10.0.jar;C:\Users\Raghu\.m2\repository\com\google\protobuf\protobuf-java\3.6.0\protobuf-java-3.6.0.jar;C:\Users\Raghu\.m2\repository\com\google\api\grpc\proto-google-cloud-spanner-admin-database-v1\0.19.0\proto-google-cloud-spanner-admin-database-v1-0.19.0.jar;C:\Users\Raghu\.m2\repository\com\google\api\grpc\proto-google-common-protos\1.12.0\proto-google-common-protos-1.12.0.jar;C:\Users\Raghu\.m2\repository\io\grpc\grpc-all\1.13.1\grpc-all-1.13.1.jar;C:\Users\Raghu\.m2\repository\io\grpc\grpc-okhttp\1.13.1\grpc-okhttp-1.13.1.jar;C:\Users\Raghu\.m2\repository\com\squareup\okhttp\okhttp\2.5.0\okhttp-2.5.0.jar;C:\Users\Raghu\.m2\repository\com\squareup\okio\okio\1.13.0\okio-1.13.0.jar;C:\Users\Raghu\.m2\repository\io\grpc\grpc-protobuf-nano\1.13.1\grpc-protobuf-nano-1.13.1.jar;C:\Users\Raghu\.m2\repository\com\google\protobuf\nano\protobuf-javanano\3.0.0-alpha-5\protobuf-javanano-3.0.0-alpha-5.jar;C:\Users\Raghu\.m2\repository\io\grpc\grpc-testing\1.13.1\grpc-testing-1.13.1.jar;C:\Users\Raghu\.m2\repository\io\netty\netty-tcnative-boringssl-static\2.0.8.Final\netty-tcnative-boringssl-static-2.0.8.Final.jar;C:\Users\Raghu\.m2\repository\com\google\api-client\google-api-client\1.24.1\google-api-client-1.24.1.jar;C:\Users\Raghu\.m2\repository\com\google\oauth-client\google-oauth-client\1.24.1\google-oauth-client-1.24.1.jar;C:\Users\Raghu\.m2\repository\com\google\apis\google-api-services-bigquery\v2-rev402-1.24.1\google-api-services-bigquery-v2-rev402-1.24.1.jar;C:\Users\Raghu\.m2\repository\com\google\http-client\google-http-client\1.24.1\google-http-client-1.24.1.jar;C:\Users\Raghu\.m2\repository\com\google\code\findbugs\jsr305\3.0.2\jsr305-3.0.2.jar;C:\Users\Raghu\.m2\repository\org\apache\httpcomponents\httpclient\4.5.3\httpclient-4.5.3.jar;C:\Users\Raghu\.m2\repository\org\apache\httpcomponents\httpcore\4.4.6\httpcore-4.4.6.jar;C:\Users\Raghu\.m2\repository\commons-codec\commons-codec\1.9\commons-codec-1.9.jar;C:\Users\Raghu\.m2\repository\com\google\apis\google-api-services-pubsub\v1-rev399-1.24.1\google-api-services-pubsub-v1-rev399-1.24.1.jar;C:\Users\Raghu\.m2\repository\joda-time\joda-time\2.4\joda-time-2.4.jar;C:\Users\Raghu\.m2\repository\com\google\guava\guava\20.0\guava-20.0.jar;C:\Users\Raghu\.m2\repository\org\slf4j\slf4j-api\1.7.25\slf4j-api-1.7.25.jar;C:\Users\Raghu\.m2\repository\org\slf4j\slf4j-jdk14\1.7.25\slf4j-jdk14-1.7.25.jar;C:\Users\Raghu\.m2\repository\org\hamcrest\hamcrest-core\1.3\hamcrest-core-1.3.jar;C:\Users\Raghu\.m2\repository\org\hamcrest\hamcrest-library\1.3\hamcrest-library-1.3.jar;C:\Users\Raghu\.m2\repository\junit\junit\4.12\junit-4.12.jar;C:\Users\Raghu\.m2\repository\org\apache\beam\beam-runners-direct-java\2.7.0\beam-runners-direct-java-2.7.0.jar;C:\Users\Raghu\.m2\repository\org\apache\beam\beam-model-pipeline\2.7.0\beam-model-pipeline-2.7.0.jar;C:\Users\Raghu\.m2\repository\args4j\args4j\2.33\args4j-2.33.jar;C:\Users\Raghu\.m2\repository\org\mockito\mockito-core\1.10.19\mockito-core-1.10.19.jar;C:\Users\Raghu\.m2\repository\org\objenesis\objenesis\2.1\objenesis-2.1.jar;C:\Users\Raghu\.m2\repository\com\fasterxml\jackson\core\jackson-core\2.9.4\jackson-core-2.9.4.jar;C:\Users\Raghu\.m2\repository\org\apache\beam\beam-runners-google-cloud-dataflow-java\2.7.0\beam-runners-google-cloud-dataflow-java-2.7.0.jar;C:\Users\Raghu\.m2\repository\org\apache\beam\beam-runners-core-construction-java\2.7.0\beam-runners-core-construction-java-2.7.0.jar;C:\Users\Raghu\.m2\repository\org\apache\beam\beam-model-job-management\2.7.0\beam-model-job-management-2.7.0.jar;C:\Users\Raghu\.m2\repository\com\google\apis\google-api-services-dataflow\v1b3-rev221-1.23.0\google-api-services-dataflow-v1b3-rev221-1.23.0.jar;C:\Users\Raghu\.m2\repository\com\google\apis\google-api-services-clouddebugger\v2-rev233-1.23.0\google-api-services-clouddebugger-v2-rev233-1.23.0.jar;C:\Users\Raghu\.m2\repository\com\google\apis\google-api-services-storage\v1-rev124-1.23.0\google-api-services-storage-v1-rev124-1.23.0.jar;"/>
    <property name="java.vm.vendor" value="Oracle Corporation"/>
    <property name="sun.arch.data.model" value="64"/>
    <property name="user.variant" value=""/>
    <property name="java.vendor.url" value="http://java.oracle.com/"/>
    <property name="user.timezone" value="America/New_York"/>
    <property name="java.vm.specification.version" value="1.8"/>
    <property name="os.name" value="Windows 7"/>
    <property name="user.country" value="US"/>
    <property name="sun.java.launcher" value="SUN_STANDARD"/>
    <property name="sun.boot.library.path" value="C:\Progra~1\Java\jdk1.8.0_45\jre\bin"/>
    <property name="sun.java.command" value="C:\Users\Raghu\AppData\Local\Temp\surefire4477603784382277142\surefirebooter5960100805444980754.jar C:\Users\Raghu\AppData\Local\Temp\surefire4477603784382277142 2018-11-24T11-47-41_300-jvmRun1 surefire4759056553593421328tmp surefire_03995171182737077223tmp"/>
    <property name="surefire.test.class.path" value="C:\Projects\GCP\Beam\site-visits\target\test-classes;C:\Projects\GCP\Beam\site-visits\target\classes;C:\Users\Raghu\.m2\repository\org\apache\beam\beam-sdks-java-core\2.7.0\beam-sdks-java-core-2.7.0.jar;C:\Users\Raghu\.m2\repository\com\fasterxml\jackson\core\jackson-annotations\2.9.5\jackson-annotations-2.9.5.jar;C:\Users\Raghu\.m2\repository\com\fasterxml\jackson\core\jackson-databind\2.9.5\jackson-databind-2.9.5.jar;C:\Users\Raghu\.m2\repository\org\apache\avro\avro\1.8.2\avro-1.8.2.jar;C:\Users\Raghu\.m2\repository\org\codehaus\jackson\jackson-core-asl\1.9.13\jackson-core-asl-1.9.13.jar;C:\Users\Raghu\.m2\repository\org\codehaus\jackson\jackson-mapper-asl\1.9.13\jackson-mapper-asl-1.9.13.jar;C:\Users\Raghu\.m2\repository\com\thoughtworks\paranamer\paranamer\2.7\paranamer-2.7.jar;C:\Users\Raghu\.m2\repository\org\apache\commons\commons-compress\1.8.1\commons-compress-1.8.1.jar;C:\Users\Raghu\.m2\repository\org\xerial\snappy\snappy-java\1.1.4\snappy-java-1.1.4.jar;C:\Users\Raghu\.m2\repository\org\tukaani\xz\1.8\xz-1.8.jar;C:\Users\Raghu\.m2\repository\org\apache\beam\beam-sdks-java-io-google-cloud-platform\2.7.0\beam-sdks-java-io-google-cloud-platform-2.7.0.jar;C:\Users\Raghu\.m2\repository\org\apache\beam\beam-sdks-java-extensions-google-cloud-platform-core\2.7.0\beam-sdks-java-extensions-google-cloud-platform-core-2.7.0.jar;C:\Users\Raghu\.m2\repository\com\google\cloud\bigdataoss\gcsio\1.9.0\gcsio-1.9.0.jar;C:\Users\Raghu\.m2\repository\com\google\apis\google-api-services-cloudresourcemanager\v1-rev477-1.23.0\google-api-services-cloudresourcemanager-v1-rev477-1.23.0.jar;C:\Users\Raghu\.m2\repository\org\apache\beam\beam-sdks-java-extensions-protobuf\2.7.0\beam-sdks-java-extensions-protobuf-2.7.0.jar;C:\Users\Raghu\.m2\repository\io\grpc\grpc-core\1.13.1\grpc-core-1.13.1.jar;C:\Users\Raghu\.m2\repository\io\grpc\grpc-context\1.13.1\grpc-context-1.13.1.jar;C:\Users\Raghu\.m2\repository\com\google\code\gson\gson\2.7\gson-2.7.jar;C:\Users\Raghu\.m2\repository\com\google\errorprone\error_prone_annotations\2.1.2\error_prone_annotations-2.1.2.jar;C:\Users\Raghu\.m2\repository\io\opencensus\opencensus-api\0.12.3\opencensus-api-0.12.3.jar;C:\Users\Raghu\.m2\repository\io\opencensus\opencensus-contrib-grpc-metrics\0.12.3\opencensus-contrib-grpc-metrics-0.12.3.jar;C:\Users\Raghu\.m2\repository\com\google\api\gax-grpc\1.29.0\gax-grpc-1.29.0.jar;C:\Users\Raghu\.m2\repository\com\google\api\gax\1.29.0\gax-1.29.0.jar;C:\Users\Raghu\.m2\repository\io\grpc\grpc-protobuf\1.10.1\grpc-protobuf-1.10.1.jar;C:\Users\Raghu\.m2\repository\io\grpc\grpc-protobuf-lite\1.10.1\grpc-protobuf-lite-1.10.1.jar;C:\Users\Raghu\.m2\repository\org\threeten\threetenbp\1.3.3\threetenbp-1.3.3.jar;C:\Users\Raghu\.m2\repository\com\google\api\api-common\1.6.0\api-common-1.6.0.jar;C:\Users\Raghu\.m2\repository\com\google\cloud\google-cloud-core-grpc\1.36.0\google-cloud-core-grpc-1.36.0.jar;C:\Users\Raghu\.m2\repository\com\google\protobuf\protobuf-java-util\3.6.0\protobuf-java-util-3.6.0.jar;C:\Users\Raghu\.m2\repository\io\grpc\grpc-netty-shaded\1.13.1\grpc-netty-shaded-1.13.1.jar;C:\Users\Raghu\.m2\repository\com\google\api\grpc\grpc-google-cloud-pubsub-v1\1.18.0\grpc-google-cloud-pubsub-v1-1.18.0.jar;C:\Users\Raghu\.m2\repository\com\google\api\grpc\proto-google-cloud-pubsub-v1\1.18.0\proto-google-cloud-pubsub-v1-1.18.0.jar;C:\Users\Raghu\.m2\repository\com\google\api\grpc\proto-google-iam-v1\0.12.0\proto-google-iam-v1-0.12.0.jar;C:\Users\Raghu\.m2\repository\com\google\cloud\bigdataoss\util\1.9.0\util-1.9.0.jar;C:\Users\Raghu\.m2\repository\com\google\api-client\google-api-client-java6\1.23.0\google-api-client-java6-1.23.0.jar;C:\Users\Raghu\.m2\repository\com\google\api-client\google-api-client-jackson2\1.23.0\google-api-client-jackson2-1.23.0.jar;C:\Users\Raghu\.m2\repository\com\google\auto\value\auto-value-annotations\1.6\auto-value-annotations-1.6.jar;C:\Users\Raghu\.m2\repository\com\google\oauth-client\google-oauth-client-java6\1.23.0\google-oauth-client-java6-1.23.0.jar;C:\Users\Raghu\.m2\repository\com\google\cloud\datastore\datastore-v1-proto-client\1.6.0\datastore-v1-proto-client-1.6.0.jar;C:\Users\Raghu\.m2\repository\com\google\http-client\google-http-client-protobuf\1.20.0\google-http-client-protobuf-1.20.0.jar;C:\Users\Raghu\.m2\repository\com\google\http-client\google-http-client-jackson\1.20.0\google-http-client-jackson-1.20.0.jar;C:\Users\Raghu\.m2\repository\com\google\api\grpc\proto-google-cloud-datastore-v1\0.19.0\proto-google-cloud-datastore-v1-0.19.0.jar;C:\Users\Raghu\.m2\repository\io\grpc\grpc-auth\1.13.1\grpc-auth-1.13.1.jar;C:\Users\Raghu\.m2\repository\io\grpc\grpc-netty\1.13.1\grpc-netty-1.13.1.jar;C:\Users\Raghu\.m2\repository\io\netty\netty-codec-http2\4.1.25.Final\netty-codec-http2-4.1.25.Final.jar;C:\Users\Raghu\.m2\repository\io\netty\netty-codec-http\4.1.25.Final\netty-codec-http-4.1.25.Final.jar;C:\Users\Raghu\.m2\repository\io\netty\netty-handler-proxy\4.1.25.Final\netty-handler-proxy-4.1.25.Final.jar;C:\Users\Raghu\.m2\repository\io\netty\netty-codec-socks\4.1.25.Final\netty-codec-socks-4.1.25.Final.jar;C:\Users\Raghu\.m2\repository\io\netty\netty-handler\4.1.25.Final\netty-handler-4.1.25.Final.jar;C:\Users\Raghu\.m2\repository\io\netty\netty-buffer\4.1.25.Final\netty-buffer-4.1.25.Final.jar;C:\Users\Raghu\.m2\repository\io\netty\netty-common\4.1.25.Final\netty-common-4.1.25.Final.jar;C:\Users\Raghu\.m2\repository\io\netty\netty-transport\4.1.25.Final\netty-transport-4.1.25.Final.jar;C:\Users\Raghu\.m2\repository\io\netty\netty-resolver\4.1.25.Final\netty-resolver-4.1.25.Final.jar;C:\Users\Raghu\.m2\repository\io\netty\netty-codec\4.1.25.Final\netty-codec-4.1.25.Final.jar;C:\Users\Raghu\.m2\repository\io\grpc\grpc-stub\1.13.1\grpc-stub-1.13.1.jar;C:\Users\Raghu\.m2\repository\com\google\cloud\google-cloud-core\1.36.0\google-cloud-core-1.36.0.jar;C:\Users\Raghu\.m2\repository\com\google\cloud\google-cloud-spanner\0.54.0-beta\google-cloud-spanner-0.54.0-beta.jar;C:\Users\Raghu\.m2\repository\com\google\api\grpc\proto-google-cloud-spanner-v1\0.19.0\proto-google-cloud-spanner-v1-0.19.0.jar;C:\Users\Raghu\.m2\repository\com\google\api\grpc\proto-google-cloud-spanner-admin-instance-v1\0.19.0\proto-google-cloud-spanner-admin-instance-v1-0.19.0.jar;C:\Users\Raghu\.m2\repository\com\google\api\grpc\grpc-google-cloud-spanner-v1\0.19.0\grpc-google-cloud-spanner-v1-0.19.0.jar;C:\Users\Raghu\.m2\repository\com\google\api\grpc\grpc-google-cloud-spanner-admin-database-v1\0.19.0\grpc-google-cloud-spanner-admin-database-v1-0.19.0.jar;C:\Users\Raghu\.m2\repository\com\google\api\grpc\grpc-google-cloud-spanner-admin-instance-v1\0.19.0\grpc-google-cloud-spanner-admin-instance-v1-0.19.0.jar;C:\Users\Raghu\.m2\repository\com\google\api\grpc\grpc-google-common-protos\1.12.0\grpc-google-common-protos-1.12.0.jar;C:\Users\Raghu\.m2\repository\io\opencensus\opencensus-contrib-grpc-util\0.12.3\opencensus-contrib-grpc-util-0.12.3.jar;C:\Users\Raghu\.m2\repository\com\google\api\grpc\grpc-google-cloud-bigtable-v2\0.19.0\grpc-google-cloud-bigtable-v2-0.19.0.jar;C:\Users\Raghu\.m2\repository\com\google\api\grpc\proto-google-cloud-bigtable-v2\0.19.0\proto-google-cloud-bigtable-v2-0.19.0.jar;C:\Users\Raghu\.m2\repository\com\google\cloud\bigtable\bigtable-client-core\1.4.0\bigtable-client-core-1.4.0.jar;C:\Users\Raghu\.m2\repository\com\google\api\grpc\proto-google-cloud-bigtable-admin-v2\0.15.0\proto-google-cloud-bigtable-admin-v2-0.15.0.jar;C:\Users\Raghu\.m2\repository\com\google\api\grpc\grpc-google-cloud-bigtable-admin-v2\0.15.0\grpc-google-cloud-bigtable-admin-v2-0.15.0.jar;C:\Users\Raghu\.m2\repository\commons-logging\commons-logging\1.2\commons-logging-1.2.jar;C:\Users\Raghu\.m2\repository\com\google\cloud\google-cloud-core-http\1.32.0\google-cloud-core-http-1.32.0.jar;C:\Users\Raghu\.m2\repository\com\google\http-client\google-http-client-appengine\1.23.0\google-http-client-appengine-1.23.0.jar;C:\Users\Raghu\.m2\repository\com\google\api\gax-httpjson\0.44.0\gax-httpjson-0.44.0.jar;C:\Users\Raghu\.m2\repository\io\opencensus\opencensus-contrib-http-util\0.11.1\opencensus-contrib-http-util-0.11.1.jar;C:\Users\Raghu\.m2\repository\io\dropwizard\metrics\metrics-core\3.1.2\metrics-core-3.1.2.jar;C:\Users\Raghu\.m2\repository\com\google\http-client\google-http-client-jackson2\1.23.0\google-http-client-jackson2-1.23.0.jar;C:\Users\Raghu\.m2\repository\com\google\auth\google-auth-library-credentials\0.10.0\google-auth-library-credentials-0.10.0.jar;C:\Users\Raghu\.m2\repository\com\google\auth\google-auth-library-oauth2-http\0.10.0\google-auth-library-oauth2-http-0.10.0.jar;C:\Users\Raghu\.m2\repository\com\google\protobuf\protobuf-java\3.6.0\protobuf-java-3.6.0.jar;C:\Users\Raghu\.m2\repository\com\google\api\grpc\proto-google-cloud-spanner-admin-database-v1\0.19.0\proto-google-cloud-spanner-admin-database-v1-0.19.0.jar;C:\Users\Raghu\.m2\repository\com\google\api\grpc\proto-google-common-protos\1.12.0\proto-google-common-protos-1.12.0.jar;C:\Users\Raghu\.m2\repository\io\grpc\grpc-all\1.13.1\grpc-all-1.13.1.jar;C:\Users\Raghu\.m2\repository\io\grpc\grpc-okhttp\1.13.1\grpc-okhttp-1.13.1.jar;C:\Users\Raghu\.m2\repository\com\squareup\okhttp\okhttp\2.5.0\okhttp-2.5.0.jar;C:\Users\Raghu\.m2\repository\com\squareup\okio\okio\1.13.0\okio-1.13.0.jar;C:\Users\Raghu\.m2\repository\io\grpc\grpc-protobuf-nano\1.13.1\grpc-protobuf-nano-1.13.1.jar;C:\Users\Raghu\.m2\repository\com\google\protobuf\nano\protobuf-javanano\3.0.0-alpha-5\protobuf-javanano-3.0.0-alpha-5.jar;C:\Users\Raghu\.m2\repository\io\grpc\grpc-testing\1.13.1\grpc-testing-1.13.1.jar;C:\Users\Raghu\.m2\repository\io\netty\netty-tcnative-boringssl-static\2.0.8.Final\netty-tcnative-boringssl-static-2.0.8.Final.jar;C:\Users\Raghu\.m2\repository\com\google\api-client\google-api-client\1.24.1\google-api-client-1.24.1.jar;C:\Users\Raghu\.m2\repository\com\google\oauth-client\google-oauth-client\1.24.1\google-oauth-client-1.24.1.jar;C:\Users\Raghu\.m2\repository\com\google\apis\google-api-services-bigquery\v2-rev402-1.24.1\google-api-services-bigquery-v2-rev402-1.24.1.jar;C:\Users\Raghu\.m2\repository\com\google\http-client\google-http-client\1.24.1\google-http-client-1.24.1.jar;C:\Users\Raghu\.m2\repository\com\google\code\findbugs\jsr305\3.0.2\jsr305-3.0.2.jar;C:\Users\Raghu\.m2\repository\org\apache\httpcomponents\httpclient\4.5.3\httpclient-4.5.3.jar;C:\Users\Raghu\.m2\repository\org\apache\httpcomponents\httpcore\4.4.6\httpcore-4.4.6.jar;C:\Users\Raghu\.m2\repository\commons-codec\commons-codec\1.9\commons-codec-1.9.jar;C:\Users\Raghu\.m2\repository\com\google\apis\google-api-services-pubsub\v1-rev399-1.24.1\google-api-services-pubsub-v1-rev399-1.24.1.jar;C:\Users\Raghu\.m2\repository\joda-time\joda-time\2.4\joda-time-2.4.jar;C:\Users\Raghu\.m2\repository\com\google\guava\guava\20.0\guava-20.0.jar;C:\Users\Raghu\.m2\repository\org\slf4j\slf4j-api\1.7.25\slf4j-api-1.7.25.jar;C:\Users\Raghu\.m2\repository\org\slf4j\slf4j-jdk14\1.7.25\slf4j-jdk14-1.7.25.jar;C:\Users\Raghu\.m2\repository\org\hamcrest\hamcrest-core\1.3\hamcrest-core-1.3.jar;C:\Users\Raghu\.m2\repository\org\hamcrest\hamcrest-library\1.3\hamcrest-library-1.3.jar;C:\Users\Raghu\.m2\repository\junit\junit\4.12\junit-4.12.jar;C:\Users\Raghu\.m2\repository\org\apache\beam\beam-runners-direct-java\2.7.0\beam-runners-direct-java-2.7.0.jar;C:\Users\Raghu\.m2\repository\org\apache\beam\beam-model-pipeline\2.7.0\beam-model-pipeline-2.7.0.jar;C:\Users\Raghu\.m2\repository\args4j\args4j\2.33\args4j-2.33.jar;C:\Users\Raghu\.m2\repository\org\mockito\mockito-core\1.10.19\mockito-core-1.10.19.jar;C:\Users\Raghu\.m2\repository\org\objenesis\objenesis\2.1\objenesis-2.1.jar;C:\Users\Raghu\.m2\repository\com\fasterxml\jackson\core\jackson-core\2.9.4\jackson-core-2.9.4.jar;C:\Users\Raghu\.m2\repository\org\apache\beam\beam-runners-google-cloud-dataflow-java\2.7.0\beam-runners-google-cloud-dataflow-java-2.7.0.jar;C:\Users\Raghu\.m2\repository\org\apache\beam\beam-runners-core-construction-java\2.7.0\beam-runners-core-construction-java-2.7.0.jar;C:\Users\Raghu\.m2\repository\org\apache\beam\beam-model-job-management\2.7.0\beam-model-job-management-2.7.0.jar;C:\Users\Raghu\.m2\repository\com\google\apis\google-api-services-dataflow\v1b3-rev221-1.23.0\google-api-services-dataflow-v1b3-rev221-1.23.0.jar;C:\Users\Raghu\.m2\repository\com\google\apis\google-api-services-clouddebugger\v2-rev233-1.23.0\google-api-services-clouddebugger-v2-rev233-1.23.0.jar;C:\Users\Raghu\.m2\repository\com\google\apis\google-api-services-storage\v1-rev124-1.23.0\google-api-services-storage-v1-rev124-1.23.0.jar;"/>
    <property name="sun.cpu.endian" value="little"/>
    <property name="user.home" value="C:\Users\Raghu"/>
    <property name="user.language" value="en"/>
    <property name="java.specification.vendor" value="Oracle Corporation"/>
    <property name="java.home" value="C:\Progra~1\Java\jdk1.8.0_45\jre"/>
    <property name="basedir" value="C:\Projects\GCP\Beam\site-visits"/>
    <property name="file.separator" value="\"/>
    <property name="line.separator" value="&#10;"/>
    <property name="java.vm.specification.vendor" value="Oracle Corporation"/>
    <property name="java.specification.name" value="Java Platform API Specification"/>
    <property name="java.awt.graphicsenv" value="sun.awt.Win32GraphicsEnvironment"/>
    <property name="surefire.real.class.path" value="C:\Users\Raghu\AppData\Local\Temp\surefire4477603784382277142\surefirebooter5960100805444980754.jar"/>
    <property name="sun.boot.class.path" value="C:\Progra~1\Java\jdk1.8.0_45\jre\lib\resources.jar;C:\Progra~1\Java\jdk1.8.0_45\jre\lib\rt.jar;C:\Progra~1\Java\jdk1.8.0_45\jre\lib\sunrsasign.jar;C:\Progra~1\Java\jdk1.8.0_45\jre\lib\jsse.jar;C:\Progra~1\Java\jdk1.8.0_45\jre\lib\jce.jar;C:\Progra~1\Java\jdk1.8.0_45\jre\lib\charsets.jar;C:\Progra~1\Java\jdk1.8.0_45\jre\lib\jfr.jar;C:\Progra~1\Java\jdk1.8.0_45\jre\classes"/>
    <property name="user.script" value=""/>
    <property name="sun.management.compiler" value="HotSpot 64-Bit Tiered Compilers"/>
    <property name="java.runtime.version" value="1.8.0_45-b15"/>
    <property name="user.name" value="Raghu"/>
    <property name="path.separator" value=";"/>
    <property name="os.version" value="6.1"/>
    <property name="java.endorsed.dirs" value="C:\Progra~1\Java\jdk1.8.0_45\jre\lib\endorsed"/>
    <property name="java.runtime.name" value="Java(TM) SE Runtime Environment"/>
    <property name="file.encoding" value="Cp1252"/>
    <property name="java.vm.name" value="Java HotSpot(TM) 64-Bit Server VM"/>
    <property name="localRepository" value="C:\Users\Raghu\.m2\repository"/>
    <property name="java.vendor.url.bug" value="http://bugreport.sun.com/bugreport/"/>
    <property name="java.io.tmpdir" value="C:\Users\Raghu\AppData\Local\Temp\"/>
    <property name="java.version" value="1.8.0_45"/>
    <property name="user.dir" value="C:\Projects\GCP\Beam\site-visits"/>
    <property name="os.arch" value="amd64"/>
    <property name="java.vm.specification.name" value="Java Virtual Machine Specification"/>
    <property name="java.awt.printerjob" value="sun.awt.windows.WPrinterJob"/>
    <property name="sun.os.patch.level" value="Service Pack 1"/>
    <property name="java.library.path" value="C:\Progra~1\Java\jdk1.8.0_45\jre\bin;C:\Windows\Sun\Java\bin;C:\Windows\system32;C:\Windows;C:\apache-maven-3.3.9\bin;C:\Program Files\Broadcom\Broadcom 802.11\Driver;;C:\APP\RAGHU\PRODUCT\11.2.0\DBHOME_1\BIN;C:\PROGRAM FILES\COMMON FILES\MICROSOFT SHARED\WINDOWS LIVE;C:\PROGRAM FILES (X86)\COMMON FILES\MICROSOFT SHARED\WINDOWS LIVE;C:\PROGRAM FILES (X86)\AMD APP\BIN\X86_64;C:\PROGRAM FILES (X86)\AMD APP\BIN\X86;C:\PROGRAM FILES (X86)\INTEL\ICLS CLIENT\;C:\PROGRAM FILES\INTEL\ICLS CLIENT\;C:\Windows\SYSTEM32;C:\Windows;C:\Windows\SYSTEM32\WBEM;C:\Windows\SYSTEM32\WINDOWSPOWERSHELL\V1.0\;C:\PROGRAM FILES\INTEL\INTEL(R) MANAGEMENT ENGINE COMPONENTS\DAL;C:\PROGRAM FILES\INTEL\INTEL(R) MANAGEMENT ENGINE COMPONENTS\IPT;C:\PROGRAM FILES (X86)\INTEL\INTEL(R) MANAGEMENT ENGINE COMPONENTS\DAL;C:\PROGRAM FILES (X86)\INTEL\INTEL(R) MANAGEMENT ENGINE COMPONENTS\IPT;C:\PROGRAM FILES (X86)\ATI TECHNOLOGIES\ATI.ACE\CORE-STATIC;;C:\PROGRAM FILES (X86)\WINDOWS LIVE\SHARED;C:\Program Files\WIDCOMM\Bluetooth Software\;C:\Program Files\WIDCOMM\Bluetooth Software\syswow64;C:\Program Files\nodejs\;C:\Program Files (x86)\QuickTime\QTSystem\;C:\Program Files (x86)\sbt\bin;C:\spark-2.1.0-bin-hadoop2.7\bin;C:\Program Files (x86)\scala\bin;C:\Progra~1\Java\jdk1.8.0_45\bin;C:\Program Files\Amazon\AWSCLI\;C:\Users\Raghu\AppData\Local\atom\bin;C:\Users\Raghu\AppData\Local\Programs\Fiddler;C:\apache-hive-2.1.1-bin\bin;C:\apache-hive-2.1.1-bin\bin\ext;C:\apache-hive-2.1.1-bin\bin\ext\util;;;."/>
    <property name="java.vm.info" value="mixed mode"/>
    <property name="java.vendor" value="Oracle Corporation"/>
    <property name="java.vm.version" value="25.45-b02"/>
    <property name="java.ext.dirs" value="C:\Progra~1\Java\jdk1.8.0_45\jre\lib\ext;C:\Windows\Sun\Java\lib\ext"/>
    <property name="sun.io.unicode.encoding" value="UnicodeLittle"/>
    <property name="java.class.version" value="52.0"/>
  </properties>
  <testcase name="testApp" classname="com.site.visits.AppTest" time="0.001"/>
</testsuite>